ARM GAS  /tmp/cc0JEfHp.s 			page 1


   1              		.cpu cortex-m3
   2              		.arch armv7-m
   3              		.fpu softvfp
   4              		.eabi_attribute 20, 1
   5              		.eabi_attribute 21, 1
   6              		.eabi_attribute 23, 3
   7              		.eabi_attribute 24, 1
   8              		.eabi_attribute 25, 1
   9              		.eabi_attribute 26, 1
  10              		.eabi_attribute 30, 1
  11              		.eabi_attribute 34, 1
  12              		.eabi_attribute 18, 4
  13              		.file	"main.c"
  14              		.text
  15              	.Ltext0:
  16              		.cfi_sections	.debug_frame
  17              		.file 1 "Core/Src/main.c"
  18              		.section	.text.MPU6500_Write,"ax",%progbits
  19              		.align	1
  20              		.global	MPU6500_Write
  21              		.syntax unified
  22              		.thumb
  23              		.thumb_func
  25              	MPU6500_Write:
  26              	.LVL0:
  27              	.LFB68:
   1:Core/Src/main.c **** /* USER CODE BEGIN Header */
   2:Core/Src/main.c **** /**
   3:Core/Src/main.c ****   ******************************************************************************
   4:Core/Src/main.c ****   * @file           : main.c
   5:Core/Src/main.c ****   * @brief          : Main program body
   6:Core/Src/main.c ****   ******************************************************************************
   7:Core/Src/main.c ****   * @attention
   8:Core/Src/main.c ****   *
   9:Core/Src/main.c ****   * Copyright (c) 2024 STMicroelectronics.
  10:Core/Src/main.c ****   * All rights reserved.
  11:Core/Src/main.c ****   *
  12:Core/Src/main.c ****   * This software is licensed under terms that can be found in the LICENSE file
  13:Core/Src/main.c ****   * in the root directory of this software component.
  14:Core/Src/main.c ****   * If no LICENSE file comes with this software, it is provided AS-IS.
  15:Core/Src/main.c ****   *
  16:Core/Src/main.c ****   ******************************************************************************
  17:Core/Src/main.c ****   */
  18:Core/Src/main.c **** /* USER CODE END Header */
  19:Core/Src/main.c **** /* Includes ------------------------------------------------------------------*/
  20:Core/Src/main.c **** #include "main.h"
  21:Core/Src/main.c **** #include "i2c.h"
  22:Core/Src/main.c **** #include "usart.h"
  23:Core/Src/main.c **** #include "gpio.h"
  24:Core/Src/main.c **** #include <stdio.h>  // –î–ª—è –≤–∏–∫–æ—Ä–∏—Å—Ç–∞–Ω–Ω—è printf
  25:Core/Src/main.c **** 
  26:Core/Src/main.c **** /* Private includes ----------------------------------------------------------*/
  27:Core/Src/main.c **** /* USER CODE BEGIN Includes */
  28:Core/Src/main.c **** 
  29:Core/Src/main.c **** /* USER CODE END Includes */
  30:Core/Src/main.c **** 
  31:Core/Src/main.c **** /* Private typedef -----------------------------------------------------------*/
ARM GAS  /tmp/cc0JEfHp.s 			page 2


  32:Core/Src/main.c **** /* USER CODE BEGIN PTD */
  33:Core/Src/main.c **** 
  34:Core/Src/main.c **** /* USER CODE END PTD */
  35:Core/Src/main.c **** 
  36:Core/Src/main.c **** /* Private define ------------------------------------------------------------*/
  37:Core/Src/main.c **** /* USER CODE BEGIN PD */
  38:Core/Src/main.c **** 
  39:Core/Src/main.c **** #define MPU6500_ADDR 0x68 << 1
  40:Core/Src/main.c **** 
  41:Core/Src/main.c **** /* USER CODE END PD */
  42:Core/Src/main.c **** 
  43:Core/Src/main.c **** /* Private macro -------------------------------------------------------------*/
  44:Core/Src/main.c **** /* USER CODE BEGIN PM */
  45:Core/Src/main.c **** 
  46:Core/Src/main.c **** /* USER CODE END PM */
  47:Core/Src/main.c **** 
  48:Core/Src/main.c **** /* Private variables ---------------------------------------------------------*/
  49:Core/Src/main.c **** 
  50:Core/Src/main.c **** /* USER CODE BEGIN PV */
  51:Core/Src/main.c **** 
  52:Core/Src/main.c **** /* USER CODE END PV */
  53:Core/Src/main.c **** 
  54:Core/Src/main.c **** /* Private function prototypes -----------------------------------------------*/
  55:Core/Src/main.c **** void SystemClock_Config(void);
  56:Core/Src/main.c **** /* USER CODE BEGIN PFP */
  57:Core/Src/main.c **** 
  58:Core/Src/main.c **** /* USER CODE END PFP */
  59:Core/Src/main.c **** 
  60:Core/Src/main.c **** /* Private user code ---------------------------------------------------------*/
  61:Core/Src/main.c **** /* USER CODE BEGIN 0 */
  62:Core/Src/main.c **** 
  63:Core/Src/main.c **** // –§—É–Ω–∫—Ü—ñ—è –¥–ª—è –∑–∞–ø–∏—Å—É –≤ —Ä–µ–≥—ñ—Å—Ç—Ä MPU6500
  64:Core/Src/main.c **** HAL_StatusTypeDef MPU6500_Write(uint8_t reg, uint8_t data) {
  28              		.loc 1 64 60 view -0
  29              		.cfi_startproc
  30              		@ args = 0, pretend = 0, frame = 8
  31              		@ frame_needed = 0, uses_anonymous_args = 0
  32              		.loc 1 64 60 is_stmt 0 view .LVU1
  33 0000 00B5     		push	{lr}
  34              		.cfi_def_cfa_offset 4
  35              		.cfi_offset 14, -4
  36 0002 85B0     		sub	sp, sp, #20
  37              		.cfi_def_cfa_offset 24
  65:Core/Src/main.c ****     uint8_t buf[2];
  38              		.loc 1 65 5 is_stmt 1 view .LVU2
  66:Core/Src/main.c ****     buf[0] = reg;
  39              		.loc 1 66 5 view .LVU3
  40              		.loc 1 66 12 is_stmt 0 view .LVU4
  41 0004 8DF80C00 		strb	r0, [sp, #12]
  67:Core/Src/main.c ****     buf[1] = data;
  42              		.loc 1 67 5 is_stmt 1 view .LVU5
  43              		.loc 1 67 12 is_stmt 0 view .LVU6
  44 0008 8DF80D10 		strb	r1, [sp, #13]
  68:Core/Src/main.c ****     return HAL_I2C_Master_Transmit(&hi2c1, MPU6500_ADDR, buf, 2, HAL_MAX_DELAY);
  45              		.loc 1 68 5 is_stmt 1 view .LVU7
  46              		.loc 1 68 12 is_stmt 0 view .LVU8
  47 000c 4FF0FF33 		mov	r3, #-1
ARM GAS  /tmp/cc0JEfHp.s 			page 3


  48 0010 0093     		str	r3, [sp]
  49 0012 0223     		movs	r3, #2
  50 0014 03AA     		add	r2, sp, #12
  51 0016 D021     		movs	r1, #208
  52              	.LVL1:
  53              		.loc 1 68 12 view .LVU9
  54 0018 0248     		ldr	r0, .L3
  55              	.LVL2:
  56              		.loc 1 68 12 view .LVU10
  57 001a FFF7FEFF 		bl	HAL_I2C_Master_Transmit
  58              	.LVL3:
  69:Core/Src/main.c **** }
  59              		.loc 1 69 1 view .LVU11
  60 001e 05B0     		add	sp, sp, #20
  61              		.cfi_def_cfa_offset 4
  62              		@ sp needed
  63 0020 5DF804FB 		ldr	pc, [sp], #4
  64              	.L4:
  65              		.align	2
  66              	.L3:
  67 0024 00000000 		.word	hi2c1
  68              		.cfi_endproc
  69              	.LFE68:
  71              		.section	.text.MPU6500_Read,"ax",%progbits
  72              		.align	1
  73              		.global	MPU6500_Read
  74              		.syntax unified
  75              		.thumb
  76              		.thumb_func
  78              	MPU6500_Read:
  79              	.LVL4:
  80              	.LFB69:
  70:Core/Src/main.c **** 
  71:Core/Src/main.c **** // –§—É–Ω–∫—Ü—ñ—è –¥–ª—è —á–∏—Ç–∞–Ω–Ω—è –∑ —Ä–µ–≥—ñ—Å—Ç—Ä–∞ MPU6500
  72:Core/Src/main.c **** HAL_StatusTypeDef MPU6500_Read(uint8_t reg, uint8_t *data, uint16_t len) {
  81              		.loc 1 72 74 is_stmt 1 view -0
  82              		.cfi_startproc
  83              		@ args = 0, pretend = 0, frame = 8
  84              		@ frame_needed = 0, uses_anonymous_args = 0
  85              		.loc 1 72 74 is_stmt 0 view .LVU13
  86 0000 F0B5     		push	{r4, r5, r6, r7, lr}
  87              		.cfi_def_cfa_offset 20
  88              		.cfi_offset 4, -20
  89              		.cfi_offset 5, -16
  90              		.cfi_offset 6, -12
  91              		.cfi_offset 7, -8
  92              		.cfi_offset 14, -4
  93 0002 85B0     		sub	sp, sp, #20
  94              		.cfi_def_cfa_offset 40
  95 0004 0C46     		mov	r4, r1
  96 0006 1546     		mov	r5, r2
  97 0008 8DF80F00 		strb	r0, [sp, #15]
  73:Core/Src/main.c ****     HAL_I2C_Master_Transmit(&hi2c1, MPU6500_ADDR, &reg, 1, HAL_MAX_DELAY);
  98              		.loc 1 73 5 is_stmt 1 view .LVU14
  99 000c 094E     		ldr	r6, .L7
 100 000e 4FF0FF37 		mov	r7, #-1
 101 0012 0097     		str	r7, [sp]
ARM GAS  /tmp/cc0JEfHp.s 			page 4


 102 0014 0123     		movs	r3, #1
 103 0016 0DF10F02 		add	r2, sp, #15
 104              	.LVL5:
 105              		.loc 1 73 5 is_stmt 0 view .LVU15
 106 001a D021     		movs	r1, #208
 107              	.LVL6:
 108              		.loc 1 73 5 view .LVU16
 109 001c 3046     		mov	r0, r6
 110              	.LVL7:
 111              		.loc 1 73 5 view .LVU17
 112 001e FFF7FEFF 		bl	HAL_I2C_Master_Transmit
 113              	.LVL8:
  74:Core/Src/main.c ****     return HAL_I2C_Master_Receive(&hi2c1, MPU6500_ADDR, data, len, HAL_MAX_DELAY);
 114              		.loc 1 74 5 is_stmt 1 view .LVU18
 115              		.loc 1 74 12 is_stmt 0 view .LVU19
 116 0022 0097     		str	r7, [sp]
 117 0024 2B46     		mov	r3, r5
 118 0026 2246     		mov	r2, r4
 119 0028 D021     		movs	r1, #208
 120 002a 3046     		mov	r0, r6
 121 002c FFF7FEFF 		bl	HAL_I2C_Master_Receive
 122              	.LVL9:
  75:Core/Src/main.c **** }
 123              		.loc 1 75 1 view .LVU20
 124 0030 05B0     		add	sp, sp, #20
 125              		.cfi_def_cfa_offset 20
 126              		@ sp needed
 127 0032 F0BD     		pop	{r4, r5, r6, r7, pc}
 128              	.LVL10:
 129              	.L8:
 130              		.loc 1 75 1 view .LVU21
 131              		.align	2
 132              	.L7:
 133 0034 00000000 		.word	hi2c1
 134              		.cfi_endproc
 135              	.LFE69:
 137              		.section	.text.MPU6500_Init,"ax",%progbits
 138              		.align	1
 139              		.global	MPU6500_Init
 140              		.syntax unified
 141              		.thumb
 142              		.thumb_func
 144              	MPU6500_Init:
 145              	.LFB70:
  76:Core/Src/main.c **** 
  77:Core/Src/main.c **** // –Ü–Ω—ñ—Ü—ñ–∞–ª—ñ–∑–∞—Ü—ñ—è MPU6500
  78:Core/Src/main.c **** void MPU6500_Init(void) {
 146              		.loc 1 78 25 is_stmt 1 view -0
 147              		.cfi_startproc
 148              		@ args = 0, pretend = 0, frame = 0
 149              		@ frame_needed = 0, uses_anonymous_args = 0
 150 0000 08B5     		push	{r3, lr}
 151              		.cfi_def_cfa_offset 8
 152              		.cfi_offset 3, -8
 153              		.cfi_offset 14, -4
  79:Core/Src/main.c ****     // –ü—Ä–∏–∫–ª–∞–¥ —ñ–Ω—ñ—Ü—ñ–∞–ª—ñ–∑–∞—Ü—ñ—ó: —Å–∫–∏–¥–∞–Ω–Ω—è MPU6500
  80:Core/Src/main.c ****     MPU6500_Write(0x6B, 0x00);  // –†–µ–≥—ñ—Å—Ç—Ä PWR_MGMT_1: –≤–∏–º–∫–Ω—É—Ç–∏ sleep mode
ARM GAS  /tmp/cc0JEfHp.s 			page 5


 154              		.loc 1 80 5 view .LVU23
 155 0002 0021     		movs	r1, #0
 156 0004 6B20     		movs	r0, #107
 157 0006 FFF7FEFF 		bl	MPU6500_Write
 158              	.LVL11:
  81:Core/Src/main.c ****     HAL_Delay(100);
 159              		.loc 1 81 5 view .LVU24
 160 000a 6420     		movs	r0, #100
 161 000c FFF7FEFF 		bl	HAL_Delay
 162              	.LVL12:
  82:Core/Src/main.c ****     // –Ü–Ω—à—ñ –ø–æ—Ç—Ä—ñ–±–Ω—ñ –Ω–∞–ª–∞—à—Ç—É–≤–∞–Ω–Ω—è —Ä–µ–≥—ñ—Å—Ç—Ä—ñ–≤
  83:Core/Src/main.c **** }
 163              		.loc 1 83 1 is_stmt 0 view .LVU25
 164 0010 08BD     		pop	{r3, pc}
 165              		.cfi_endproc
 166              	.LFE70:
 168              		.section	.text.transform,"ax",%progbits
 169              		.align	1
 170              		.global	transform
 171              		.syntax unified
 172              		.thumb
 173              		.thumb_func
 175              	transform:
 176              	.LVL13:
 177              	.LFB71:
  84:Core/Src/main.c **** 
  85:Core/Src/main.c **** void transform(uint8_t *arr, uint16_t *alt_arr)
  86:Core/Src/main.c **** {
 178              		.loc 1 86 1 is_stmt 1 view -0
 179              		.cfi_startproc
 180              		@ args = 0, pretend = 0, frame = 0
 181              		@ frame_needed = 0, uses_anonymous_args = 0
 182              		@ link register save eliminated.
  87:Core/Src/main.c ****   alt_arr[0] = (arr[0] << 8) | arr[1];
 183              		.loc 1 87 3 view .LVU27
 184              		.loc 1 87 20 is_stmt 0 view .LVU28
 185 0000 0278     		ldrb	r2, [r0]	@ zero_extendqisi2
 186              		.loc 1 87 35 view .LVU29
 187 0002 4378     		ldrb	r3, [r0, #1]	@ zero_extendqisi2
 188              		.loc 1 87 30 view .LVU30
 189 0004 43EA0223 		orr	r3, r3, r2, lsl #8
 190              		.loc 1 87 14 view .LVU31
 191 0008 0B80     		strh	r3, [r1]	@ movhi
  88:Core/Src/main.c ****   alt_arr[1] = (arr[2] << 8) | arr[3];
 192              		.loc 1 88 3 is_stmt 1 view .LVU32
 193              		.loc 1 88 20 is_stmt 0 view .LVU33
 194 000a 8278     		ldrb	r2, [r0, #2]	@ zero_extendqisi2
 195              		.loc 1 88 35 view .LVU34
 196 000c C378     		ldrb	r3, [r0, #3]	@ zero_extendqisi2
 197              		.loc 1 88 30 view .LVU35
 198 000e 43EA0223 		orr	r3, r3, r2, lsl #8
 199              		.loc 1 88 14 view .LVU36
 200 0012 4B80     		strh	r3, [r1, #2]	@ movhi
  89:Core/Src/main.c ****   alt_arr[2] = (arr[4] << 8) | arr[5];
 201              		.loc 1 89 3 is_stmt 1 view .LVU37
 202              		.loc 1 89 20 is_stmt 0 view .LVU38
 203 0014 0279     		ldrb	r2, [r0, #4]	@ zero_extendqisi2
ARM GAS  /tmp/cc0JEfHp.s 			page 6


 204              		.loc 1 89 35 view .LVU39
 205 0016 4379     		ldrb	r3, [r0, #5]	@ zero_extendqisi2
 206              		.loc 1 89 30 view .LVU40
 207 0018 43EA0223 		orr	r3, r3, r2, lsl #8
 208              		.loc 1 89 14 view .LVU41
 209 001c 8B80     		strh	r3, [r1, #4]	@ movhi
  90:Core/Src/main.c **** }
 210              		.loc 1 90 1 view .LVU42
 211 001e 7047     		bx	lr
 212              		.cfi_endproc
 213              	.LFE71:
 215              		.section	.text._write,"ax",%progbits
 216              		.align	1
 217              		.global	_write
 218              		.syntax unified
 219              		.thumb
 220              		.thumb_func
 222              	_write:
 223              	.LVL14:
 224              	.LFB72:
  91:Core/Src/main.c **** 
  92:Core/Src/main.c **** // USART —Ñ—É–Ω–∫—Ü—ñ—è –¥–ª—è –ø–µ—Ä–µ–¥–∞—á—ñ –¥–∞–Ω–∏—Ö
  93:Core/Src/main.c **** int _write(int file, char *ptr, int len) {
 225              		.loc 1 93 42 is_stmt 1 view -0
 226              		.cfi_startproc
 227              		@ args = 0, pretend = 0, frame = 0
 228              		@ frame_needed = 0, uses_anonymous_args = 0
 229              		.loc 1 93 42 is_stmt 0 view .LVU44
 230 0000 10B5     		push	{r4, lr}
 231              		.cfi_def_cfa_offset 8
 232              		.cfi_offset 4, -8
 233              		.cfi_offset 14, -4
 234 0002 1446     		mov	r4, r2
  94:Core/Src/main.c ****     HAL_UART_Transmit(&huart1, (uint8_t*)ptr, len, HAL_MAX_DELAY);
 235              		.loc 1 94 5 is_stmt 1 view .LVU45
 236 0004 4FF0FF33 		mov	r3, #-1
 237 0008 92B2     		uxth	r2, r2
 238              	.LVL15:
 239              		.loc 1 94 5 is_stmt 0 view .LVU46
 240 000a 0248     		ldr	r0, .L14
 241              	.LVL16:
 242              		.loc 1 94 5 view .LVU47
 243 000c FFF7FEFF 		bl	HAL_UART_Transmit
 244              	.LVL17:
  95:Core/Src/main.c ****     return len;
 245              		.loc 1 95 5 is_stmt 1 view .LVU48
  96:Core/Src/main.c **** }
 246              		.loc 1 96 1 is_stmt 0 view .LVU49
 247 0010 2046     		mov	r0, r4
 248 0012 10BD     		pop	{r4, pc}
 249              	.LVL18:
 250              	.L15:
 251              		.loc 1 96 1 view .LVU50
 252              		.align	2
 253              	.L14:
 254 0014 00000000 		.word	huart1
 255              		.cfi_endproc
ARM GAS  /tmp/cc0JEfHp.s 			page 7


 256              	.LFE72:
 258              		.section	.rodata.I2C_Scanner.str1.4,"aMS",%progbits,1
 259              		.align	2
 260              	.LC0:
 261 0000 5363616E 		.ascii	"Scanning I2C bus...\000"
 261      6E696E67 
 261      20493243 
 261      20627573 
 261      2E2E2E00 
 262              		.align	2
 263              	.LC1:
 264 0014 44657669 		.ascii	"Device found at 0x%02X\012\000"
 264      63652066 
 264      6F756E64 
 264      20617420 
 264      30782530 
 265              		.align	2
 266              	.LC2:
 267 002c 5363616E 		.ascii	"Scanning complete.\000"
 267      6E696E67 
 267      20636F6D 
 267      706C6574 
 267      652E00
 268              		.section	.text.I2C_Scanner,"ax",%progbits
 269              		.align	1
 270              		.global	I2C_Scanner
 271              		.syntax unified
 272              		.thumb
 273              		.thumb_func
 275              	I2C_Scanner:
 276              	.LFB73:
  97:Core/Src/main.c **** 
  98:Core/Src/main.c **** // –§—É–Ω–∫—Ü—ñ—è –¥–ª—è —Å–∫–∞–Ω—É–≤–∞–Ω–Ω—è I2C-—à–∏–Ω–∏
  99:Core/Src/main.c **** void I2C_Scanner() {
 277              		.loc 1 99 20 is_stmt 1 view -0
 278              		.cfi_startproc
 279              		@ args = 0, pretend = 0, frame = 0
 280              		@ frame_needed = 0, uses_anonymous_args = 0
 281 0000 10B5     		push	{r4, lr}
 282              		.cfi_def_cfa_offset 8
 283              		.cfi_offset 4, -8
 284              		.cfi_offset 14, -4
 100:Core/Src/main.c ****     printf("Scanning I2C bus...\n");
 285              		.loc 1 100 5 view .LVU52
 286 0002 0E48     		ldr	r0, .L22
 287 0004 FFF7FEFF 		bl	puts
 288              	.LVL19:
 101:Core/Src/main.c **** 
 102:Core/Src/main.c ****     // –ü—Ä–æ—Ö–æ–¥–∏–º–æ—Å—è –ø–æ –≤—Å—ñ—Ö –º–æ–∂–ª–∏–≤–∏—Ö –∞–¥—Ä–µ—Å–∞—Ö
 103:Core/Src/main.c ****     for (uint8_t i = 1; i < 128; i++) {
 289              		.loc 1 103 5 view .LVU53
 290              	.LBB4:
 291              		.loc 1 103 10 view .LVU54
 292              		.loc 1 103 18 is_stmt 0 view .LVU55
 293 0008 0124     		movs	r4, #1
 294              		.loc 1 103 5 view .LVU56
 295 000a 01E0     		b	.L17
ARM GAS  /tmp/cc0JEfHp.s 			page 8


 296              	.LVL20:
 297              	.L18:
 298              		.loc 1 103 35 is_stmt 1 discriminator 2 view .LVU57
 299 000c 0134     		adds	r4, r4, #1
 300              	.LVL21:
 301              		.loc 1 103 35 is_stmt 0 discriminator 2 view .LVU58
 302 000e E4B2     		uxtb	r4, r4
 303              	.LVL22:
 304              	.L17:
 305              		.loc 1 103 27 is_stmt 1 discriminator 1 view .LVU59
 306 0010 14F0800F 		tst	r4, #128
 307 0014 0DD1     		bne	.L21
 104:Core/Src/main.c ****         // –ü–µ—Ä–µ–≤—ñ—Ä–∫–∞ –Ω–∞—è–≤–Ω–æ—Å—Ç—ñ –ø—Ä–∏—Å—Ç—Ä–æ—é –Ω–∞ –ø–æ—Ç–æ—á–Ω—ñ–π –∞–¥—Ä–µ—Å—
 105:Core/Src/main.c ****         if (HAL_I2C_IsDeviceReady(&hi2c1, (uint16_t)(i << 1), 1, 10) == HAL_OK) {
 308              		.loc 1 105 9 view .LVU60
 309              		.loc 1 105 13 is_stmt 0 view .LVU61
 310 0016 0A23     		movs	r3, #10
 311 0018 0122     		movs	r2, #1
 312 001a 04FA02F1 		lsl	r1, r4, r2
 313 001e 0848     		ldr	r0, .L22+4
 314 0020 FFF7FEFF 		bl	HAL_I2C_IsDeviceReady
 315              	.LVL23:
 316              		.loc 1 105 12 discriminator 1 view .LVU62
 317 0024 0028     		cmp	r0, #0
 318 0026 F1D1     		bne	.L18
 106:Core/Src/main.c ****             printf("Device found at 0x%02X\n", i);
 319              		.loc 1 106 13 is_stmt 1 view .LVU63
 320 0028 2146     		mov	r1, r4
 321 002a 0648     		ldr	r0, .L22+8
 322 002c FFF7FEFF 		bl	printf
 323              	.LVL24:
 324 0030 ECE7     		b	.L18
 325              	.L21:
 326              	.LBE4:
 107:Core/Src/main.c ****         }
 108:Core/Src/main.c ****     }
 109:Core/Src/main.c **** 
 110:Core/Src/main.c ****     printf("Scanning complete.\n");
 327              		.loc 1 110 5 view .LVU64
 328 0032 0548     		ldr	r0, .L22+12
 329 0034 FFF7FEFF 		bl	puts
 330              	.LVL25:
 111:Core/Src/main.c **** }
 331              		.loc 1 111 1 is_stmt 0 view .LVU65
 332 0038 10BD     		pop	{r4, pc}
 333              	.LVL26:
 334              	.L23:
 335              		.loc 1 111 1 view .LVU66
 336 003a 00BF     		.align	2
 337              	.L22:
 338 003c 00000000 		.word	.LC0
 339 0040 00000000 		.word	hi2c1
 340 0044 14000000 		.word	.LC1
 341 0048 2C000000 		.word	.LC2
 342              		.cfi_endproc
 343              	.LFE73:
 345              		.section	.rodata.print_sensor_data.str1.4,"aMS",%progbits,1
ARM GAS  /tmp/cc0JEfHp.s 			page 9


 346              		.align	2
 347              	.LC3:
 348 0000 41636365 		.ascii	"Accelerometer data:\000"
 348      6C65726F 
 348      6D657465 
 348      72206461 
 348      74613A00 
 349              		.align	2
 350              	.LC4:
 351 0014 583A2025 		.ascii	"X: %d, Y: %d, Z: %d\012\000"
 351      642C2059 
 351      3A202564 
 351      2C205A3A 
 351      2025640A 
 352 0029 000000   		.align	2
 353              	.LC5:
 354 002c 4779726F 		.ascii	"Gyroscope data:\000"
 354      73636F70 
 354      65206461 
 354      74613A00 
 355              		.section	.text.print_sensor_data,"ax",%progbits
 356              		.align	1
 357              		.global	print_sensor_data
 358              		.syntax unified
 359              		.thumb
 360              		.thumb_func
 362              	print_sensor_data:
 363              	.LVL27:
 364              	.LFB74:
 112:Core/Src/main.c **** 
 113:Core/Src/main.c **** // –§—É–Ω–∫—Ü—ñ—è –¥–ª—è —Ñ–æ—Ä–º–∞—Ç–æ–≤–∞–Ω–æ–≥–æ –≤–∏–≤–µ–¥–µ–Ω–Ω—è –¥–∞–Ω–∏—Ö –∞–∫—Å–µ–ª–µ—Ä–æ–
 114:Core/Src/main.c **** void print_sensor_data(uint16_t *accel_data, uint16_t *giro_data) {
 365              		.loc 1 114 67 is_stmt 1 view -0
 366              		.cfi_startproc
 367              		@ args = 0, pretend = 0, frame = 0
 368              		@ frame_needed = 0, uses_anonymous_args = 0
 369              		.loc 1 114 67 is_stmt 0 view .LVU68
 370 0000 70B5     		push	{r4, r5, r6, lr}
 371              		.cfi_def_cfa_offset 16
 372              		.cfi_offset 4, -16
 373              		.cfi_offset 5, -12
 374              		.cfi_offset 6, -8
 375              		.cfi_offset 14, -4
 376 0002 0546     		mov	r5, r0
 377 0004 0C46     		mov	r4, r1
 115:Core/Src/main.c ****     // –í–∏–≤–µ–¥–µ–Ω–Ω—è –¥–∞–Ω–∏—Ö –∞–∫—Å–µ–ª–µ—Ä–æ–º–µ—Ç—Ä–∞
 116:Core/Src/main.c ****     printf("Accelerometer data:\n");
 378              		.loc 1 116 5 is_stmt 1 view .LVU69
 379 0006 0A48     		ldr	r0, .L26
 380              	.LVL28:
 381              		.loc 1 116 5 is_stmt 0 view .LVU70
 382 0008 FFF7FEFF 		bl	puts
 383              	.LVL29:
 117:Core/Src/main.c ****     printf("X: %d, Y: %d, Z: %d\n", accel_data[0], accel_data[1], accel_data[2]);
 384              		.loc 1 117 5 is_stmt 1 view .LVU71
 385 000c 094E     		ldr	r6, .L26+4
 386 000e AB88     		ldrh	r3, [r5, #4]
ARM GAS  /tmp/cc0JEfHp.s 			page 10


 387 0010 6A88     		ldrh	r2, [r5, #2]
 388 0012 2988     		ldrh	r1, [r5]
 389 0014 3046     		mov	r0, r6
 390 0016 FFF7FEFF 		bl	printf
 391              	.LVL30:
 118:Core/Src/main.c **** 
 119:Core/Src/main.c ****     // –í–∏–≤–µ–¥–µ–Ω–Ω—è –¥–∞–Ω–∏—Ö –≥—ñ—Ä–æ—Å–∫–æ–ø–∞
 120:Core/Src/main.c ****     printf("Gyroscope data:\n");
 392              		.loc 1 120 5 view .LVU72
 393 001a 0748     		ldr	r0, .L26+8
 394 001c FFF7FEFF 		bl	puts
 395              	.LVL31:
 121:Core/Src/main.c ****     printf("X: %d, Y: %d, Z: %d\n", giro_data[0], giro_data[1], giro_data[2]);
 396              		.loc 1 121 5 view .LVU73
 397 0020 A388     		ldrh	r3, [r4, #4]
 398 0022 6288     		ldrh	r2, [r4, #2]
 399 0024 2188     		ldrh	r1, [r4]
 400 0026 3046     		mov	r0, r6
 401 0028 FFF7FEFF 		bl	printf
 402              	.LVL32:
 122:Core/Src/main.c **** }
 403              		.loc 1 122 1 is_stmt 0 view .LVU74
 404 002c 70BD     		pop	{r4, r5, r6, pc}
 405              	.LVL33:
 406              	.L27:
 407              		.loc 1 122 1 view .LVU75
 408 002e 00BF     		.align	2
 409              	.L26:
 410 0030 00000000 		.word	.LC3
 411 0034 14000000 		.word	.LC4
 412 0038 2C000000 		.word	.LC5
 413              		.cfi_endproc
 414              	.LFE74:
 416              		.section	.text.Error_Handler,"ax",%progbits
 417              		.align	1
 418              		.global	Error_Handler
 419              		.syntax unified
 420              		.thumb
 421              		.thumb_func
 423              	Error_Handler:
 424              	.LFB77:
 123:Core/Src/main.c **** /* USER CODE END 0 */
 124:Core/Src/main.c **** 
 125:Core/Src/main.c **** /**
 126:Core/Src/main.c ****   * @brief  The application entry point.
 127:Core/Src/main.c ****   * @retval int
 128:Core/Src/main.c ****   */
 129:Core/Src/main.c **** int main(void)
 130:Core/Src/main.c **** {
 131:Core/Src/main.c **** 
 132:Core/Src/main.c ****   /* USER CODE BEGIN 1 */
 133:Core/Src/main.c ****   
 134:Core/Src/main.c ****   /* USER CODE END 1 */
 135:Core/Src/main.c **** 
 136:Core/Src/main.c ****   /* MCU Configuration--------------------------------------------------------*/
 137:Core/Src/main.c **** 
 138:Core/Src/main.c ****   /* Reset of all peripherals, Initializes the Flash interface and the Systick. */
ARM GAS  /tmp/cc0JEfHp.s 			page 11


 139:Core/Src/main.c ****   HAL_Init();
 140:Core/Src/main.c **** 
 141:Core/Src/main.c ****   /* USER CODE BEGIN Init */
 142:Core/Src/main.c **** 
 143:Core/Src/main.c ****   /* USER CODE END Init */
 144:Core/Src/main.c **** 
 145:Core/Src/main.c ****   /* Configure the system clock */
 146:Core/Src/main.c ****   SystemClock_Config();
 147:Core/Src/main.c **** 
 148:Core/Src/main.c ****   /* USER CODE BEGIN SysInit */
 149:Core/Src/main.c **** 
 150:Core/Src/main.c ****   /* USER CODE END SysInit */
 151:Core/Src/main.c **** 
 152:Core/Src/main.c ****   /* Initialize all configured peripherals */
 153:Core/Src/main.c ****   MX_GPIO_Init();
 154:Core/Src/main.c ****   MX_I2C1_Init();
 155:Core/Src/main.c ****   MX_USART1_UART_Init();
 156:Core/Src/main.c ****   /* USER CODE BEGIN 2 */
 157:Core/Src/main.c ****   MPU6500_Init(); // –Ü–Ω—ñ—Ü—ñ–∞–ª—ñ–∑–∞—Ü—ñ—è MPU6500
 158:Core/Src/main.c **** 
 159:Core/Src/main.c ****   uint8_t accel_data[6];
 160:Core/Src/main.c ****   uint16_t accel_data_alt[3];
 161:Core/Src/main.c ****   uint8_t giro_data[6];
 162:Core/Src/main.c ****   uint16_t giro_data_alt[3];
 163:Core/Src/main.c **** 
 164:Core/Src/main.c ****   /* USER CODE END 2 */
 165:Core/Src/main.c **** 
 166:Core/Src/main.c ****   /* Infinite loop */
 167:Core/Src/main.c ****   /* USER CODE BEGIN WHILE */
 168:Core/Src/main.c ****   while (1)
 169:Core/Src/main.c ****   {
 170:Core/Src/main.c ****         // –ö–æ–¥ –¥–ª—è —á–∏—Ç–∞–Ω–Ω—è/–æ–±—Ä–æ–±–∫–∏ –¥–∞–Ω–∏—Ö –∑ MPU6500
 171:Core/Src/main.c ****   
 172:Core/Src/main.c ****         MPU6500_Read(0x3B, accel_data, 6); // –ß–∏—Ç–∞–Ω–Ω—è –¥–∞–Ω–∏—Ö –∞–∫—Å–µ–ª–µ—Ä–æ–º–µ—Ç—Ä–∞
 173:Core/Src/main.c ****         MPU6500_Read(0x43, giro_data, 6);
 174:Core/Src/main.c **** 
 175:Core/Src/main.c ****         transform(accel_data, accel_data_alt);
 176:Core/Src/main.c ****         transform(giro_data, giro_data_alt);
 177:Core/Src/main.c ****         
 178:Core/Src/main.c ****         print_sensor_data(accel_data_alt, giro_data_alt);
 179:Core/Src/main.c ****         
 180:Core/Src/main.c ****         HAL_Delay(1000); // –ü–∞—É–∑–∞ –¥–ª—è —Ç–µ—Å—Ç—É–≤–∞–Ω–Ω—è  
 181:Core/Src/main.c **** 
 182:Core/Src/main.c ****         //I2C_Scanner();
 183:Core/Src/main.c ****     /* USER CODE END WHILE */
 184:Core/Src/main.c **** 
 185:Core/Src/main.c ****     /* USER CODE BEGIN 3 */
 186:Core/Src/main.c ****   }
 187:Core/Src/main.c ****   /* USER CODE END 3 */
 188:Core/Src/main.c **** }
 189:Core/Src/main.c **** 
 190:Core/Src/main.c **** /**
 191:Core/Src/main.c ****   * @brief System Clock Configuration
 192:Core/Src/main.c ****   * @retval None
 193:Core/Src/main.c ****   */
 194:Core/Src/main.c **** void SystemClock_Config(void)
 195:Core/Src/main.c **** {
ARM GAS  /tmp/cc0JEfHp.s 			page 12


 196:Core/Src/main.c ****   RCC_OscInitTypeDef RCC_OscInitStruct = {0};
 197:Core/Src/main.c ****   RCC_ClkInitTypeDef RCC_ClkInitStruct = {0};
 198:Core/Src/main.c **** 
 199:Core/Src/main.c ****   /** Initializes the RCC Oscillators according to the specified parameters
 200:Core/Src/main.c ****   * in the RCC_OscInitTypeDef structure.
 201:Core/Src/main.c ****   */
 202:Core/Src/main.c ****   RCC_OscInitStruct.OscillatorType = RCC_OSCILLATORTYPE_HSE;
 203:Core/Src/main.c ****   RCC_OscInitStruct.HSEState = RCC_HSE_ON;
 204:Core/Src/main.c ****   RCC_OscInitStruct.HSEPredivValue = RCC_HSE_PREDIV_DIV1;
 205:Core/Src/main.c ****   RCC_OscInitStruct.HSIState = RCC_HSI_ON;
 206:Core/Src/main.c ****   RCC_OscInitStruct.PLL.PLLState = RCC_PLL_ON;
 207:Core/Src/main.c ****   RCC_OscInitStruct.PLL.PLLSource = RCC_PLLSOURCE_HSE;
 208:Core/Src/main.c ****   RCC_OscInitStruct.PLL.PLLMUL = RCC_PLL_MUL9;
 209:Core/Src/main.c ****   if (HAL_RCC_OscConfig(&RCC_OscInitStruct) != HAL_OK)
 210:Core/Src/main.c ****   {
 211:Core/Src/main.c ****     Error_Handler();
 212:Core/Src/main.c ****   }
 213:Core/Src/main.c **** 
 214:Core/Src/main.c ****   /** Initializes the CPU, AHB and APB buses clocks
 215:Core/Src/main.c ****   */
 216:Core/Src/main.c ****   RCC_ClkInitStruct.ClockType = RCC_CLOCKTYPE_HCLK|RCC_CLOCKTYPE_SYSCLK
 217:Core/Src/main.c ****                               |RCC_CLOCKTYPE_PCLK1|RCC_CLOCKTYPE_PCLK2;
 218:Core/Src/main.c ****   RCC_ClkInitStruct.SYSCLKSource = RCC_SYSCLKSOURCE_PLLCLK;
 219:Core/Src/main.c ****   RCC_ClkInitStruct.AHBCLKDivider = RCC_SYSCLK_DIV1;
 220:Core/Src/main.c ****   RCC_ClkInitStruct.APB1CLKDivider = RCC_HCLK_DIV2;
 221:Core/Src/main.c ****   RCC_ClkInitStruct.APB2CLKDivider = RCC_HCLK_DIV1;
 222:Core/Src/main.c **** 
 223:Core/Src/main.c ****   if (HAL_RCC_ClockConfig(&RCC_ClkInitStruct, FLASH_LATENCY_2) != HAL_OK)
 224:Core/Src/main.c ****   {
 225:Core/Src/main.c ****     Error_Handler();
 226:Core/Src/main.c ****   }
 227:Core/Src/main.c **** }
 228:Core/Src/main.c **** 
 229:Core/Src/main.c **** /* USER CODE BEGIN 4 */
 230:Core/Src/main.c **** 
 231:Core/Src/main.c **** /* USER CODE END 4 */
 232:Core/Src/main.c **** 
 233:Core/Src/main.c **** /**
 234:Core/Src/main.c ****   * @brief  This function is executed in case of error occurrence.
 235:Core/Src/main.c ****   * @retval None
 236:Core/Src/main.c ****   */
 237:Core/Src/main.c **** void Error_Handler(void)
 238:Core/Src/main.c **** {
 425              		.loc 1 238 1 is_stmt 1 view -0
 426              		.cfi_startproc
 427              		@ Volatile: function does not return.
 428              		@ args = 0, pretend = 0, frame = 0
 429              		@ frame_needed = 0, uses_anonymous_args = 0
 430              		@ link register save eliminated.
 239:Core/Src/main.c ****   /* USER CODE BEGIN Error_Handler_Debug */
 240:Core/Src/main.c ****   /* User can add his own implementation to report the HAL error return state */
 241:Core/Src/main.c ****   __disable_irq();
 431              		.loc 1 241 3 view .LVU77
 432              	.LBB5:
 433              	.LBI5:
 434              		.file 2 "Drivers/CMSIS/Include/cmsis_gcc.h"
   1:Drivers/CMSIS/Include/cmsis_gcc.h **** /**************************************************************************//**
ARM GAS  /tmp/cc0JEfHp.s 			page 13


   2:Drivers/CMSIS/Include/cmsis_gcc.h ****  * @file     cmsis_gcc.h
   3:Drivers/CMSIS/Include/cmsis_gcc.h ****  * @brief    CMSIS compiler GCC header file
   4:Drivers/CMSIS/Include/cmsis_gcc.h ****  * @version  V5.0.4
   5:Drivers/CMSIS/Include/cmsis_gcc.h ****  * @date     09. April 2018
   6:Drivers/CMSIS/Include/cmsis_gcc.h ****  ******************************************************************************/
   7:Drivers/CMSIS/Include/cmsis_gcc.h **** /*
   8:Drivers/CMSIS/Include/cmsis_gcc.h ****  * Copyright (c) 2009-2018 Arm Limited. All rights reserved.
   9:Drivers/CMSIS/Include/cmsis_gcc.h ****  *
  10:Drivers/CMSIS/Include/cmsis_gcc.h ****  * SPDX-License-Identifier: Apache-2.0
  11:Drivers/CMSIS/Include/cmsis_gcc.h ****  *
  12:Drivers/CMSIS/Include/cmsis_gcc.h ****  * Licensed under the Apache License, Version 2.0 (the License); you may
  13:Drivers/CMSIS/Include/cmsis_gcc.h ****  * not use this file except in compliance with the License.
  14:Drivers/CMSIS/Include/cmsis_gcc.h ****  * You may obtain a copy of the License at
  15:Drivers/CMSIS/Include/cmsis_gcc.h ****  *
  16:Drivers/CMSIS/Include/cmsis_gcc.h ****  * www.apache.org/licenses/LICENSE-2.0
  17:Drivers/CMSIS/Include/cmsis_gcc.h ****  *
  18:Drivers/CMSIS/Include/cmsis_gcc.h ****  * Unless required by applicable law or agreed to in writing, software
  19:Drivers/CMSIS/Include/cmsis_gcc.h ****  * distributed under the License is distributed on an AS IS BASIS, WITHOUT
  20:Drivers/CMSIS/Include/cmsis_gcc.h ****  * WARRANTIES OR CONDITIONS OF ANY KIND, either express or implied.
  21:Drivers/CMSIS/Include/cmsis_gcc.h ****  * See the License for the specific language governing permissions and
  22:Drivers/CMSIS/Include/cmsis_gcc.h ****  * limitations under the License.
  23:Drivers/CMSIS/Include/cmsis_gcc.h ****  */
  24:Drivers/CMSIS/Include/cmsis_gcc.h **** 
  25:Drivers/CMSIS/Include/cmsis_gcc.h **** #ifndef __CMSIS_GCC_H
  26:Drivers/CMSIS/Include/cmsis_gcc.h **** #define __CMSIS_GCC_H
  27:Drivers/CMSIS/Include/cmsis_gcc.h **** 
  28:Drivers/CMSIS/Include/cmsis_gcc.h **** /* ignore some GCC warnings */
  29:Drivers/CMSIS/Include/cmsis_gcc.h **** #pragma GCC diagnostic push
  30:Drivers/CMSIS/Include/cmsis_gcc.h **** #pragma GCC diagnostic ignored "-Wsign-conversion"
  31:Drivers/CMSIS/Include/cmsis_gcc.h **** #pragma GCC diagnostic ignored "-Wconversion"
  32:Drivers/CMSIS/Include/cmsis_gcc.h **** #pragma GCC diagnostic ignored "-Wunused-parameter"
  33:Drivers/CMSIS/Include/cmsis_gcc.h **** 
  34:Drivers/CMSIS/Include/cmsis_gcc.h **** /* Fallback for __has_builtin */
  35:Drivers/CMSIS/Include/cmsis_gcc.h **** #ifndef __has_builtin
  36:Drivers/CMSIS/Include/cmsis_gcc.h ****   #define __has_builtin(x) (0)
  37:Drivers/CMSIS/Include/cmsis_gcc.h **** #endif
  38:Drivers/CMSIS/Include/cmsis_gcc.h **** 
  39:Drivers/CMSIS/Include/cmsis_gcc.h **** /* CMSIS compiler specific defines */
  40:Drivers/CMSIS/Include/cmsis_gcc.h **** #ifndef   __ASM
  41:Drivers/CMSIS/Include/cmsis_gcc.h ****   #define __ASM                                  __asm
  42:Drivers/CMSIS/Include/cmsis_gcc.h **** #endif
  43:Drivers/CMSIS/Include/cmsis_gcc.h **** #ifndef   __INLINE
  44:Drivers/CMSIS/Include/cmsis_gcc.h ****   #define __INLINE                               inline
  45:Drivers/CMSIS/Include/cmsis_gcc.h **** #endif
  46:Drivers/CMSIS/Include/cmsis_gcc.h **** #ifndef   __STATIC_INLINE
  47:Drivers/CMSIS/Include/cmsis_gcc.h ****   #define __STATIC_INLINE                        static inline
  48:Drivers/CMSIS/Include/cmsis_gcc.h **** #endif
  49:Drivers/CMSIS/Include/cmsis_gcc.h **** #ifndef   __STATIC_FORCEINLINE                 
  50:Drivers/CMSIS/Include/cmsis_gcc.h ****   #define __STATIC_FORCEINLINE                   __attribute__((always_inline)) static inline
  51:Drivers/CMSIS/Include/cmsis_gcc.h **** #endif                                           
  52:Drivers/CMSIS/Include/cmsis_gcc.h **** #ifndef   __NO_RETURN
  53:Drivers/CMSIS/Include/cmsis_gcc.h ****   #define __NO_RETURN                            __attribute__((__noreturn__))
  54:Drivers/CMSIS/Include/cmsis_gcc.h **** #endif
  55:Drivers/CMSIS/Include/cmsis_gcc.h **** #ifndef   __USED
  56:Drivers/CMSIS/Include/cmsis_gcc.h ****   #define __USED                                 __attribute__((used))
  57:Drivers/CMSIS/Include/cmsis_gcc.h **** #endif
  58:Drivers/CMSIS/Include/cmsis_gcc.h **** #ifndef   __WEAK
ARM GAS  /tmp/cc0JEfHp.s 			page 14


  59:Drivers/CMSIS/Include/cmsis_gcc.h ****   #define __WEAK                                 __attribute__((weak))
  60:Drivers/CMSIS/Include/cmsis_gcc.h **** #endif
  61:Drivers/CMSIS/Include/cmsis_gcc.h **** #ifndef   __PACKED
  62:Drivers/CMSIS/Include/cmsis_gcc.h ****   #define __PACKED                               __attribute__((packed, aligned(1)))
  63:Drivers/CMSIS/Include/cmsis_gcc.h **** #endif
  64:Drivers/CMSIS/Include/cmsis_gcc.h **** #ifndef   __PACKED_STRUCT
  65:Drivers/CMSIS/Include/cmsis_gcc.h ****   #define __PACKED_STRUCT                        struct __attribute__((packed, aligned(1)))
  66:Drivers/CMSIS/Include/cmsis_gcc.h **** #endif
  67:Drivers/CMSIS/Include/cmsis_gcc.h **** #ifndef   __PACKED_UNION
  68:Drivers/CMSIS/Include/cmsis_gcc.h ****   #define __PACKED_UNION                         union __attribute__((packed, aligned(1)))
  69:Drivers/CMSIS/Include/cmsis_gcc.h **** #endif
  70:Drivers/CMSIS/Include/cmsis_gcc.h **** #ifndef   __UNALIGNED_UINT32        /* deprecated */
  71:Drivers/CMSIS/Include/cmsis_gcc.h ****   #pragma GCC diagnostic push
  72:Drivers/CMSIS/Include/cmsis_gcc.h ****   #pragma GCC diagnostic ignored "-Wpacked"
  73:Drivers/CMSIS/Include/cmsis_gcc.h ****   #pragma GCC diagnostic ignored "-Wattributes"
  74:Drivers/CMSIS/Include/cmsis_gcc.h ****   struct __attribute__((packed)) T_UINT32 { uint32_t v; };
  75:Drivers/CMSIS/Include/cmsis_gcc.h ****   #pragma GCC diagnostic pop
  76:Drivers/CMSIS/Include/cmsis_gcc.h ****   #define __UNALIGNED_UINT32(x)                  (((struct T_UINT32 *)(x))->v)
  77:Drivers/CMSIS/Include/cmsis_gcc.h **** #endif
  78:Drivers/CMSIS/Include/cmsis_gcc.h **** #ifndef   __UNALIGNED_UINT16_WRITE
  79:Drivers/CMSIS/Include/cmsis_gcc.h ****   #pragma GCC diagnostic push
  80:Drivers/CMSIS/Include/cmsis_gcc.h ****   #pragma GCC diagnostic ignored "-Wpacked"
  81:Drivers/CMSIS/Include/cmsis_gcc.h ****   #pragma GCC diagnostic ignored "-Wattributes"
  82:Drivers/CMSIS/Include/cmsis_gcc.h ****   __PACKED_STRUCT T_UINT16_WRITE { uint16_t v; };
  83:Drivers/CMSIS/Include/cmsis_gcc.h ****   #pragma GCC diagnostic pop
  84:Drivers/CMSIS/Include/cmsis_gcc.h ****   #define __UNALIGNED_UINT16_WRITE(addr, val)    (void)((((struct T_UINT16_WRITE *)(void *)(addr))-
  85:Drivers/CMSIS/Include/cmsis_gcc.h **** #endif
  86:Drivers/CMSIS/Include/cmsis_gcc.h **** #ifndef   __UNALIGNED_UINT16_READ
  87:Drivers/CMSIS/Include/cmsis_gcc.h ****   #pragma GCC diagnostic push
  88:Drivers/CMSIS/Include/cmsis_gcc.h ****   #pragma GCC diagnostic ignored "-Wpacked"
  89:Drivers/CMSIS/Include/cmsis_gcc.h ****   #pragma GCC diagnostic ignored "-Wattributes"
  90:Drivers/CMSIS/Include/cmsis_gcc.h ****   __PACKED_STRUCT T_UINT16_READ { uint16_t v; };
  91:Drivers/CMSIS/Include/cmsis_gcc.h ****   #pragma GCC diagnostic pop
  92:Drivers/CMSIS/Include/cmsis_gcc.h ****   #define __UNALIGNED_UINT16_READ(addr)          (((const struct T_UINT16_READ *)(const void *)(add
  93:Drivers/CMSIS/Include/cmsis_gcc.h **** #endif
  94:Drivers/CMSIS/Include/cmsis_gcc.h **** #ifndef   __UNALIGNED_UINT32_WRITE
  95:Drivers/CMSIS/Include/cmsis_gcc.h ****   #pragma GCC diagnostic push
  96:Drivers/CMSIS/Include/cmsis_gcc.h ****   #pragma GCC diagnostic ignored "-Wpacked"
  97:Drivers/CMSIS/Include/cmsis_gcc.h ****   #pragma GCC diagnostic ignored "-Wattributes"
  98:Drivers/CMSIS/Include/cmsis_gcc.h ****   __PACKED_STRUCT T_UINT32_WRITE { uint32_t v; };
  99:Drivers/CMSIS/Include/cmsis_gcc.h ****   #pragma GCC diagnostic pop
 100:Drivers/CMSIS/Include/cmsis_gcc.h ****   #define __UNALIGNED_UINT32_WRITE(addr, val)    (void)((((struct T_UINT32_WRITE *)(void *)(addr))-
 101:Drivers/CMSIS/Include/cmsis_gcc.h **** #endif
 102:Drivers/CMSIS/Include/cmsis_gcc.h **** #ifndef   __UNALIGNED_UINT32_READ
 103:Drivers/CMSIS/Include/cmsis_gcc.h ****   #pragma GCC diagnostic push
 104:Drivers/CMSIS/Include/cmsis_gcc.h ****   #pragma GCC diagnostic ignored "-Wpacked"
 105:Drivers/CMSIS/Include/cmsis_gcc.h ****   #pragma GCC diagnostic ignored "-Wattributes"
 106:Drivers/CMSIS/Include/cmsis_gcc.h ****   __PACKED_STRUCT T_UINT32_READ { uint32_t v; };
 107:Drivers/CMSIS/Include/cmsis_gcc.h ****   #pragma GCC diagnostic pop
 108:Drivers/CMSIS/Include/cmsis_gcc.h ****   #define __UNALIGNED_UINT32_READ(addr)          (((const struct T_UINT32_READ *)(const void *)(add
 109:Drivers/CMSIS/Include/cmsis_gcc.h **** #endif
 110:Drivers/CMSIS/Include/cmsis_gcc.h **** #ifndef   __ALIGNED
 111:Drivers/CMSIS/Include/cmsis_gcc.h ****   #define __ALIGNED(x)                           __attribute__((aligned(x)))
 112:Drivers/CMSIS/Include/cmsis_gcc.h **** #endif
 113:Drivers/CMSIS/Include/cmsis_gcc.h **** #ifndef   __RESTRICT
 114:Drivers/CMSIS/Include/cmsis_gcc.h ****   #define __RESTRICT                             __restrict
 115:Drivers/CMSIS/Include/cmsis_gcc.h **** #endif
ARM GAS  /tmp/cc0JEfHp.s 			page 15


 116:Drivers/CMSIS/Include/cmsis_gcc.h **** 
 117:Drivers/CMSIS/Include/cmsis_gcc.h **** 
 118:Drivers/CMSIS/Include/cmsis_gcc.h **** /* ###########################  Core Function Access  ########################### */
 119:Drivers/CMSIS/Include/cmsis_gcc.h **** /** \ingroup  CMSIS_Core_FunctionInterface
 120:Drivers/CMSIS/Include/cmsis_gcc.h ****     \defgroup CMSIS_Core_RegAccFunctions CMSIS Core Register Access Functions
 121:Drivers/CMSIS/Include/cmsis_gcc.h ****   @{
 122:Drivers/CMSIS/Include/cmsis_gcc.h ****  */
 123:Drivers/CMSIS/Include/cmsis_gcc.h **** 
 124:Drivers/CMSIS/Include/cmsis_gcc.h **** /**
 125:Drivers/CMSIS/Include/cmsis_gcc.h ****   \brief   Enable IRQ Interrupts
 126:Drivers/CMSIS/Include/cmsis_gcc.h ****   \details Enables IRQ interrupts by clearing the I-bit in the CPSR.
 127:Drivers/CMSIS/Include/cmsis_gcc.h ****            Can only be executed in Privileged modes.
 128:Drivers/CMSIS/Include/cmsis_gcc.h ****  */
 129:Drivers/CMSIS/Include/cmsis_gcc.h **** __STATIC_FORCEINLINE void __enable_irq(void)
 130:Drivers/CMSIS/Include/cmsis_gcc.h **** {
 131:Drivers/CMSIS/Include/cmsis_gcc.h ****   __ASM volatile ("cpsie i" : : : "memory");
 132:Drivers/CMSIS/Include/cmsis_gcc.h **** }
 133:Drivers/CMSIS/Include/cmsis_gcc.h **** 
 134:Drivers/CMSIS/Include/cmsis_gcc.h **** 
 135:Drivers/CMSIS/Include/cmsis_gcc.h **** /**
 136:Drivers/CMSIS/Include/cmsis_gcc.h ****   \brief   Disable IRQ Interrupts
 137:Drivers/CMSIS/Include/cmsis_gcc.h ****   \details Disables IRQ interrupts by setting the I-bit in the CPSR.
 138:Drivers/CMSIS/Include/cmsis_gcc.h ****            Can only be executed in Privileged modes.
 139:Drivers/CMSIS/Include/cmsis_gcc.h ****  */
 140:Drivers/CMSIS/Include/cmsis_gcc.h **** __STATIC_FORCEINLINE void __disable_irq(void)
 435              		.loc 2 140 27 view .LVU78
 436              	.LBB6:
 141:Drivers/CMSIS/Include/cmsis_gcc.h **** {
 142:Drivers/CMSIS/Include/cmsis_gcc.h ****   __ASM volatile ("cpsid i" : : : "memory");
 437              		.loc 2 142 3 view .LVU79
 438              		.syntax unified
 439              	@ 142 "Drivers/CMSIS/Include/cmsis_gcc.h" 1
 440 0000 72B6     		cpsid i
 441              	@ 0 "" 2
 442              		.thumb
 443              		.syntax unified
 444              	.L29:
 445              	.LBE6:
 446              	.LBE5:
 242:Core/Src/main.c ****   while (1)
 447              		.loc 1 242 3 view .LVU80
 243:Core/Src/main.c ****   {
 244:Core/Src/main.c ****   }
 448              		.loc 1 244 3 view .LVU81
 242:Core/Src/main.c ****   while (1)
 449              		.loc 1 242 9 view .LVU82
 450 0002 FEE7     		b	.L29
 451              		.cfi_endproc
 452              	.LFE77:
 454              		.section	.text.SystemClock_Config,"ax",%progbits
 455              		.align	1
 456              		.global	SystemClock_Config
 457              		.syntax unified
 458              		.thumb
 459              		.thumb_func
 461              	SystemClock_Config:
 462              	.LFB76:
ARM GAS  /tmp/cc0JEfHp.s 			page 16


 195:Core/Src/main.c ****   RCC_OscInitTypeDef RCC_OscInitStruct = {0};
 463              		.loc 1 195 1 view -0
 464              		.cfi_startproc
 465              		@ args = 0, pretend = 0, frame = 64
 466              		@ frame_needed = 0, uses_anonymous_args = 0
 467 0000 00B5     		push	{lr}
 468              		.cfi_def_cfa_offset 4
 469              		.cfi_offset 14, -4
 470 0002 91B0     		sub	sp, sp, #68
 471              		.cfi_def_cfa_offset 72
 196:Core/Src/main.c ****   RCC_ClkInitTypeDef RCC_ClkInitStruct = {0};
 472              		.loc 1 196 3 view .LVU84
 196:Core/Src/main.c ****   RCC_ClkInitTypeDef RCC_ClkInitStruct = {0};
 473              		.loc 1 196 22 is_stmt 0 view .LVU85
 474 0004 2822     		movs	r2, #40
 475 0006 0021     		movs	r1, #0
 476 0008 06A8     		add	r0, sp, #24
 477 000a FFF7FEFF 		bl	memset
 478              	.LVL34:
 197:Core/Src/main.c **** 
 479              		.loc 1 197 3 is_stmt 1 view .LVU86
 197:Core/Src/main.c **** 
 480              		.loc 1 197 22 is_stmt 0 view .LVU87
 481 000e 0023     		movs	r3, #0
 482 0010 0193     		str	r3, [sp, #4]
 483 0012 0293     		str	r3, [sp, #8]
 484 0014 0393     		str	r3, [sp, #12]
 485 0016 0493     		str	r3, [sp, #16]
 486 0018 0593     		str	r3, [sp, #20]
 202:Core/Src/main.c ****   RCC_OscInitStruct.HSEState = RCC_HSE_ON;
 487              		.loc 1 202 3 is_stmt 1 view .LVU88
 202:Core/Src/main.c ****   RCC_OscInitStruct.HSEState = RCC_HSE_ON;
 488              		.loc 1 202 36 is_stmt 0 view .LVU89
 489 001a 0122     		movs	r2, #1
 490 001c 0692     		str	r2, [sp, #24]
 203:Core/Src/main.c ****   RCC_OscInitStruct.HSEPredivValue = RCC_HSE_PREDIV_DIV1;
 491              		.loc 1 203 3 is_stmt 1 view .LVU90
 203:Core/Src/main.c ****   RCC_OscInitStruct.HSEPredivValue = RCC_HSE_PREDIV_DIV1;
 492              		.loc 1 203 30 is_stmt 0 view .LVU91
 493 001e 4FF48033 		mov	r3, #65536
 494 0022 0793     		str	r3, [sp, #28]
 204:Core/Src/main.c ****   RCC_OscInitStruct.HSIState = RCC_HSI_ON;
 495              		.loc 1 204 3 is_stmt 1 view .LVU92
 205:Core/Src/main.c ****   RCC_OscInitStruct.PLL.PLLState = RCC_PLL_ON;
 496              		.loc 1 205 3 view .LVU93
 205:Core/Src/main.c ****   RCC_OscInitStruct.PLL.PLLState = RCC_PLL_ON;
 497              		.loc 1 205 30 is_stmt 0 view .LVU94
 498 0024 0A92     		str	r2, [sp, #40]
 206:Core/Src/main.c ****   RCC_OscInitStruct.PLL.PLLSource = RCC_PLLSOURCE_HSE;
 499              		.loc 1 206 3 is_stmt 1 view .LVU95
 206:Core/Src/main.c ****   RCC_OscInitStruct.PLL.PLLSource = RCC_PLLSOURCE_HSE;
 500              		.loc 1 206 34 is_stmt 0 view .LVU96
 501 0026 0222     		movs	r2, #2
 502 0028 0D92     		str	r2, [sp, #52]
 207:Core/Src/main.c ****   RCC_OscInitStruct.PLL.PLLMUL = RCC_PLL_MUL9;
 503              		.loc 1 207 3 is_stmt 1 view .LVU97
 207:Core/Src/main.c ****   RCC_OscInitStruct.PLL.PLLMUL = RCC_PLL_MUL9;
ARM GAS  /tmp/cc0JEfHp.s 			page 17


 504              		.loc 1 207 35 is_stmt 0 view .LVU98
 505 002a 0E93     		str	r3, [sp, #56]
 208:Core/Src/main.c ****   if (HAL_RCC_OscConfig(&RCC_OscInitStruct) != HAL_OK)
 506              		.loc 1 208 3 is_stmt 1 view .LVU99
 208:Core/Src/main.c ****   if (HAL_RCC_OscConfig(&RCC_OscInitStruct) != HAL_OK)
 507              		.loc 1 208 32 is_stmt 0 view .LVU100
 508 002c 4FF4E013 		mov	r3, #1835008
 509 0030 0F93     		str	r3, [sp, #60]
 209:Core/Src/main.c ****   {
 510              		.loc 1 209 3 is_stmt 1 view .LVU101
 209:Core/Src/main.c ****   {
 511              		.loc 1 209 7 is_stmt 0 view .LVU102
 512 0032 06A8     		add	r0, sp, #24
 513 0034 FFF7FEFF 		bl	HAL_RCC_OscConfig
 514              	.LVL35:
 209:Core/Src/main.c ****   {
 515              		.loc 1 209 6 discriminator 1 view .LVU103
 516 0038 80B9     		cbnz	r0, .L34
 216:Core/Src/main.c ****                               |RCC_CLOCKTYPE_PCLK1|RCC_CLOCKTYPE_PCLK2;
 517              		.loc 1 216 3 is_stmt 1 view .LVU104
 216:Core/Src/main.c ****                               |RCC_CLOCKTYPE_PCLK1|RCC_CLOCKTYPE_PCLK2;
 518              		.loc 1 216 31 is_stmt 0 view .LVU105
 519 003a 0F23     		movs	r3, #15
 520 003c 0193     		str	r3, [sp, #4]
 218:Core/Src/main.c ****   RCC_ClkInitStruct.AHBCLKDivider = RCC_SYSCLK_DIV1;
 521              		.loc 1 218 3 is_stmt 1 view .LVU106
 218:Core/Src/main.c ****   RCC_ClkInitStruct.AHBCLKDivider = RCC_SYSCLK_DIV1;
 522              		.loc 1 218 34 is_stmt 0 view .LVU107
 523 003e 0221     		movs	r1, #2
 524 0040 0291     		str	r1, [sp, #8]
 219:Core/Src/main.c ****   RCC_ClkInitStruct.APB1CLKDivider = RCC_HCLK_DIV2;
 525              		.loc 1 219 3 is_stmt 1 view .LVU108
 219:Core/Src/main.c ****   RCC_ClkInitStruct.APB1CLKDivider = RCC_HCLK_DIV2;
 526              		.loc 1 219 35 is_stmt 0 view .LVU109
 527 0042 0023     		movs	r3, #0
 528 0044 0393     		str	r3, [sp, #12]
 220:Core/Src/main.c ****   RCC_ClkInitStruct.APB2CLKDivider = RCC_HCLK_DIV1;
 529              		.loc 1 220 3 is_stmt 1 view .LVU110
 220:Core/Src/main.c ****   RCC_ClkInitStruct.APB2CLKDivider = RCC_HCLK_DIV1;
 530              		.loc 1 220 36 is_stmt 0 view .LVU111
 531 0046 4FF48062 		mov	r2, #1024
 532 004a 0492     		str	r2, [sp, #16]
 221:Core/Src/main.c **** 
 533              		.loc 1 221 3 is_stmt 1 view .LVU112
 221:Core/Src/main.c **** 
 534              		.loc 1 221 36 is_stmt 0 view .LVU113
 535 004c 0593     		str	r3, [sp, #20]
 223:Core/Src/main.c ****   {
 536              		.loc 1 223 3 is_stmt 1 view .LVU114
 223:Core/Src/main.c ****   {
 537              		.loc 1 223 7 is_stmt 0 view .LVU115
 538 004e 01A8     		add	r0, sp, #4
 539 0050 FFF7FEFF 		bl	HAL_RCC_ClockConfig
 540              	.LVL36:
 223:Core/Src/main.c ****   {
 541              		.loc 1 223 6 discriminator 1 view .LVU116
 542 0054 20B9     		cbnz	r0, .L35
ARM GAS  /tmp/cc0JEfHp.s 			page 18


 227:Core/Src/main.c **** 
 543              		.loc 1 227 1 view .LVU117
 544 0056 11B0     		add	sp, sp, #68
 545              		.cfi_remember_state
 546              		.cfi_def_cfa_offset 4
 547              		@ sp needed
 548 0058 5DF804FB 		ldr	pc, [sp], #4
 549              	.L34:
 550              		.cfi_restore_state
 211:Core/Src/main.c ****   }
 551              		.loc 1 211 5 is_stmt 1 view .LVU118
 552 005c FFF7FEFF 		bl	Error_Handler
 553              	.LVL37:
 554              	.L35:
 225:Core/Src/main.c ****   }
 555              		.loc 1 225 5 view .LVU119
 556 0060 FFF7FEFF 		bl	Error_Handler
 557              	.LVL38:
 558              		.cfi_endproc
 559              	.LFE76:
 561              		.section	.text.main,"ax",%progbits
 562              		.align	1
 563              		.global	main
 564              		.syntax unified
 565              		.thumb
 566              		.thumb_func
 568              	main:
 569              	.LFB75:
 130:Core/Src/main.c **** 
 570              		.loc 1 130 1 view -0
 571              		.cfi_startproc
 572              		@ Volatile: function does not return.
 573              		@ args = 0, pretend = 0, frame = 32
 574              		@ frame_needed = 0, uses_anonymous_args = 0
 575 0000 00B5     		push	{lr}
 576              		.cfi_def_cfa_offset 4
 577              		.cfi_offset 14, -4
 578 0002 89B0     		sub	sp, sp, #36
 579              		.cfi_def_cfa_offset 40
 139:Core/Src/main.c **** 
 580              		.loc 1 139 3 view .LVU121
 581 0004 FFF7FEFF 		bl	HAL_Init
 582              	.LVL39:
 146:Core/Src/main.c **** 
 583              		.loc 1 146 3 view .LVU122
 584 0008 FFF7FEFF 		bl	SystemClock_Config
 585              	.LVL40:
 153:Core/Src/main.c ****   MX_I2C1_Init();
 586              		.loc 1 153 3 view .LVU123
 587 000c FFF7FEFF 		bl	MX_GPIO_Init
 588              	.LVL41:
 154:Core/Src/main.c ****   MX_USART1_UART_Init();
 589              		.loc 1 154 3 view .LVU124
 590 0010 FFF7FEFF 		bl	MX_I2C1_Init
 591              	.LVL42:
 155:Core/Src/main.c ****   /* USER CODE BEGIN 2 */
 592              		.loc 1 155 3 view .LVU125
ARM GAS  /tmp/cc0JEfHp.s 			page 19


 593 0014 FFF7FEFF 		bl	MX_USART1_UART_Init
 594              	.LVL43:
 157:Core/Src/main.c **** 
 595              		.loc 1 157 3 view .LVU126
 596 0018 FFF7FEFF 		bl	MPU6500_Init
 597              	.LVL44:
 598              	.L37:
 159:Core/Src/main.c ****   uint16_t accel_data_alt[3];
 599              		.loc 1 159 3 view .LVU127
 160:Core/Src/main.c ****   uint8_t giro_data[6];
 600              		.loc 1 160 3 view .LVU128
 161:Core/Src/main.c ****   uint16_t giro_data_alt[3];
 601              		.loc 1 161 3 view .LVU129
 162:Core/Src/main.c **** 
 602              		.loc 1 162 3 view .LVU130
 168:Core/Src/main.c ****   {
 603              		.loc 1 168 3 view .LVU131
 172:Core/Src/main.c ****         MPU6500_Read(0x43, giro_data, 6);
 604              		.loc 1 172 9 view .LVU132
 605 001c 0622     		movs	r2, #6
 606 001e 06A9     		add	r1, sp, #24
 607 0020 3B20     		movs	r0, #59
 608 0022 FFF7FEFF 		bl	MPU6500_Read
 609              	.LVL45:
 173:Core/Src/main.c **** 
 610              		.loc 1 173 9 view .LVU133
 611 0026 0622     		movs	r2, #6
 612 0028 02A9     		add	r1, sp, #8
 613 002a 4320     		movs	r0, #67
 614 002c FFF7FEFF 		bl	MPU6500_Read
 615              	.LVL46:
 175:Core/Src/main.c ****         transform(giro_data, giro_data_alt);
 616              		.loc 1 175 9 view .LVU134
 617 0030 04A9     		add	r1, sp, #16
 618 0032 06A8     		add	r0, sp, #24
 619 0034 FFF7FEFF 		bl	transform
 620              	.LVL47:
 176:Core/Src/main.c ****         
 621              		.loc 1 176 9 view .LVU135
 622 0038 6946     		mov	r1, sp
 623 003a 02A8     		add	r0, sp, #8
 624 003c FFF7FEFF 		bl	transform
 625              	.LVL48:
 178:Core/Src/main.c ****         
 626              		.loc 1 178 9 view .LVU136
 627 0040 6946     		mov	r1, sp
 628 0042 04A8     		add	r0, sp, #16
 629 0044 FFF7FEFF 		bl	print_sensor_data
 630              	.LVL49:
 180:Core/Src/main.c **** 
 631              		.loc 1 180 9 discriminator 1 view .LVU137
 632 0048 4FF47A70 		mov	r0, #1000
 633 004c FFF7FEFF 		bl	HAL_Delay
 634              	.LVL50:
 168:Core/Src/main.c ****   {
 635              		.loc 1 168 9 view .LVU138
 636 0050 E4E7     		b	.L37
ARM GAS  /tmp/cc0JEfHp.s 			page 20


 637              		.cfi_endproc
 638              	.LFE75:
 640              		.text
 641              	.Letext0:
 642              		.file 3 "/home/danylo/.config/Code/User/globalStorage/bmd.stm32-for-vscode/@xpack-dev-tools/arm-no
 643              		.file 4 "/home/danylo/.config/Code/User/globalStorage/bmd.stm32-for-vscode/@xpack-dev-tools/arm-no
 644              		.file 5 "Drivers/CMSIS/Device/ST/STM32F1xx/Include/stm32f103xb.h"
 645              		.file 6 "Drivers/STM32F1xx_HAL_Driver/Inc/stm32f1xx_hal_def.h"
 646              		.file 7 "Drivers/STM32F1xx_HAL_Driver/Inc/stm32f1xx_hal_rcc.h"
 647              		.file 8 "Drivers/STM32F1xx_HAL_Driver/Inc/stm32f1xx_hal_rcc_ex.h"
 648              		.file 9 "Drivers/STM32F1xx_HAL_Driver/Inc/stm32f1xx_hal_dma.h"
 649              		.file 10 "Drivers/STM32F1xx_HAL_Driver/Inc/stm32f1xx_hal_i2c.h"
 650              		.file 11 "Drivers/STM32F1xx_HAL_Driver/Inc/stm32f1xx_hal_uart.h"
 651              		.file 12 "Core/Inc/i2c.h"
 652              		.file 13 "Core/Inc/usart.h"
 653              		.file 14 "Core/Inc/gpio.h"
 654              		.file 15 "/home/danylo/.config/Code/User/globalStorage/bmd.stm32-for-vscode/@xpack-dev-tools/arm-n
 655              		.file 16 "<built-in>"
 656              		.file 17 "Drivers/STM32F1xx_HAL_Driver/Inc/stm32f1xx_hal.h"
ARM GAS  /tmp/cc0JEfHp.s 			page 21


DEFINED SYMBOLS
                            *ABS*:00000000 main.c
     /tmp/cc0JEfHp.s:19     .text.MPU6500_Write:00000000 $t
     /tmp/cc0JEfHp.s:25     .text.MPU6500_Write:00000000 MPU6500_Write
     /tmp/cc0JEfHp.s:67     .text.MPU6500_Write:00000024 $d
     /tmp/cc0JEfHp.s:72     .text.MPU6500_Read:00000000 $t
     /tmp/cc0JEfHp.s:78     .text.MPU6500_Read:00000000 MPU6500_Read
     /tmp/cc0JEfHp.s:133    .text.MPU6500_Read:00000034 $d
     /tmp/cc0JEfHp.s:138    .text.MPU6500_Init:00000000 $t
     /tmp/cc0JEfHp.s:144    .text.MPU6500_Init:00000000 MPU6500_Init
     /tmp/cc0JEfHp.s:169    .text.transform:00000000 $t
     /tmp/cc0JEfHp.s:175    .text.transform:00000000 transform
     /tmp/cc0JEfHp.s:216    .text._write:00000000 $t
     /tmp/cc0JEfHp.s:222    .text._write:00000000 _write
     /tmp/cc0JEfHp.s:254    .text._write:00000014 $d
     /tmp/cc0JEfHp.s:259    .rodata.I2C_Scanner.str1.4:00000000 $d
     /tmp/cc0JEfHp.s:269    .text.I2C_Scanner:00000000 $t
     /tmp/cc0JEfHp.s:275    .text.I2C_Scanner:00000000 I2C_Scanner
     /tmp/cc0JEfHp.s:338    .text.I2C_Scanner:0000003c $d
     /tmp/cc0JEfHp.s:346    .rodata.print_sensor_data.str1.4:00000000 $d
     /tmp/cc0JEfHp.s:356    .text.print_sensor_data:00000000 $t
     /tmp/cc0JEfHp.s:362    .text.print_sensor_data:00000000 print_sensor_data
     /tmp/cc0JEfHp.s:410    .text.print_sensor_data:00000030 $d
     /tmp/cc0JEfHp.s:417    .text.Error_Handler:00000000 $t
     /tmp/cc0JEfHp.s:423    .text.Error_Handler:00000000 Error_Handler
     /tmp/cc0JEfHp.s:455    .text.SystemClock_Config:00000000 $t
     /tmp/cc0JEfHp.s:461    .text.SystemClock_Config:00000000 SystemClock_Config
     /tmp/cc0JEfHp.s:562    .text.main:00000000 $t
     /tmp/cc0JEfHp.s:568    .text.main:00000000 main

UNDEFINED SYMBOLS
HAL_I2C_Master_Transmit
hi2c1
HAL_I2C_Master_Receive
HAL_Delay
HAL_UART_Transmit
huart1
puts
HAL_I2C_IsDeviceReady
printf
memset
HAL_RCC_OscConfig
HAL_RCC_ClockConfig
HAL_Init
MX_GPIO_Init
MX_I2C1_Init
MX_USART1_UART_Init
